<?xml version="1.0" encoding="UTF-8"?>
<!-- Generated by org.testng.reporters.JUnitReportReporter -->
<testsuite skipped="0" hostname="Jyothsna" name="demo.Testcasesclass" tests="1" failures="0" timestamp="10 Sep 2019 05:10:12 GMT" time="4.415" errors="0">
  <testcase name="registration" time="4.415" classname="demo.Testcasesclass"/>
</testsuite> <!-- demo.Testcasesclass -->
